0:0:0:0:0:0:0:1 - - [16/Jun/2022:20:28:26 +0800] "GET /nacos HTTP/1.1" 302 - 0
0:0:0:0:0:0:0:1 - - [16/Jun/2022:20:28:26 +0800] "GET /nacos/ HTTP/1.1" 200 2689 44
0:0:0:0:0:0:0:1 - - [16/Jun/2022:20:28:26 +0800] "GET /nacos/console-ui/public/css/codemirror.css HTTP/1.1" 200 9214 6
0:0:0:0:0:0:0:1 - - [16/Jun/2022:20:28:26 +0800] "GET /nacos/console-ui/public/css/bootstrap.css HTTP/1.1" 200 130421 8
0:0:0:0:0:0:0:1 - - [16/Jun/2022:20:28:26 +0800] "GET /nacos/console-ui/public/css/console1412.css HTTP/1.1" 200 156960 8
0:0:0:0:0:0:0:1 - - [16/Jun/2022:20:28:26 +0800] "GET /nacos/console-ui/public/css/icon.css HTTP/1.1" 200 5441 7
0:0:0:0:0:0:0:1 - - [16/Jun/2022:20:28:26 +0800] "GET /nacos/console-ui/public/css/merge.css HTTP/1.1" 200 3995 8
0:0:0:0:0:0:0:1 - - [16/Jun/2022:20:28:26 +0800] "GET /nacos/console-ui/public/css/font-awesome.css HTTP/1.1" 200 35952 8
0:0:0:0:0:0:0:1 - - [16/Jun/2022:20:28:26 +0800] "GET /nacos/css/main.css HTTP/1.1" 200 469710 7
0:0:0:0:0:0:0:1 - - [16/Jun/2022:20:28:26 +0800] "GET /nacos/console-ui/public/js/xml.js HTTP/1.1" 200 13466 6
0:0:0:0:0:0:0:1 - - [16/Jun/2022:20:28:26 +0800] "GET /nacos/console-ui/public/js/jquery.js HTTP/1.1" 200 89478 8
0:0:0:0:0:0:0:1 - - [16/Jun/2022:20:28:26 +0800] "GET /nacos/console-ui/public/js/javascript.js HTTP/1.1" 200 33040 7
0:0:0:0:0:0:0:1 - - [16/Jun/2022:20:28:26 +0800] "GET /nacos/console-ui/public/js/codemirror.addone.fullscreen.js HTTP/1.1" 200 2037 8
0:0:0:0:0:0:0:1 - - [16/Jun/2022:20:28:26 +0800] "GET /nacos/console-ui/public/js/codemirror.addone.lint.js HTTP/1.1" 200 8772 5
0:0:0:0:0:0:0:1 - - [16/Jun/2022:20:28:26 +0800] "GET /nacos/console-ui/public/js/codemirror.js HTTP/1.1" 200 375761 14
0:0:0:0:0:0:0:1 - - [16/Jun/2022:20:28:26 +0800] "GET /nacos/console-ui/public/js/codemirror.lib.json-lint.js HTTP/1.1" 200 17246 5
0:0:0:0:0:0:0:1 - - [16/Jun/2022:20:28:26 +0800] "GET /nacos/console-ui/public/js/codemirror.addone.json-lint.js HTTP/1.1" 200 1487 6
0:0:0:0:0:0:0:1 - - [16/Jun/2022:20:28:26 +0800] "GET /nacos/console-ui/public/js/diff_match_patch.js HTTP/1.1" 200 19241 6
0:0:0:0:0:0:0:1 - - [16/Jun/2022:20:28:26 +0800] "GET /nacos/console-ui/public/js/codemirror.lib.clike-lint.js HTTP/1.1" 200 32333 7
0:0:0:0:0:0:0:1 - - [16/Jun/2022:20:28:26 +0800] "GET /nacos/console-ui/public/js/merge.js HTTP/1.1" 200 38893 5
0:0:0:0:0:0:0:1 - - [16/Jun/2022:20:28:26 +0800] "GET /nacos/console-ui/public/js/loader.js HTTP/1.1" 200 28906 3
0:0:0:0:0:0:0:1 - - [16/Jun/2022:20:28:26 +0800] "GET /nacos/js/main.js HTTP/1.1" 200 1471699 15
0:0:0:0:0:0:0:1 - - [16/Jun/2022:20:28:26 +0800] "GET /nacos/console-ui/public/js/vs/editor/editor.main.js HTTP/1.1" 200 1824156 14
0:0:0:0:0:0:0:1 - - [16/Jun/2022:20:28:26 +0800] "GET /nacos/img/logo-2000-390.svg HTTP/1.1" 200 2106 5
0:0:0:0:0:0:0:1 - - [16/Jun/2022:20:28:26 +0800] "GET /nacos/v1/console/server/state?accessToken=&username= HTTP/1.1" 200 82 22
0:0:0:0:0:0:0:1 - - [16/Jun/2022:20:28:26 +0800] "GET /nacos/img/black_dot.png HTTP/1.1" 200 114 3
0:0:0:0:0:0:0:1 - - [16/Jun/2022:20:28:26 +0800] "GET /nacos/img/nacos.png HTTP/1.1" 200 3588 4
0:0:0:0:0:0:0:1 - - [16/Jun/2022:20:28:26 +0800] "GET /nacos/console-ui/public/icons/icon-font.woff2 HTTP/1.1" 200 4368 10
0:0:0:0:0:0:0:1 - - [16/Jun/2022:20:28:26 +0800] "GET /nacos/console-ui/public/js/vs/editor/editor.main.css HTTP/1.1" 200 172204 4
0:0:0:0:0:0:0:1 - - [16/Jun/2022:20:28:26 +0800] "GET /nacos/console-ui/public/js/vs/editor/editor.main.nls.zh-cn.js HTTP/1.1" 200 22881 3
0:0:0:0:0:0:0:1 - - [16/Jun/2022:20:28:26 +0800] "GET /nacos/console-ui/public/img/nacos-logo.png HTTP/1.1" 200 1529 4
0:0:0:0:0:0:0:1 - - [16/Jun/2022:20:28:35 +0800] "POST /nacos/v1/auth/users/login HTTP/1.1" 200 192 183
0:0:0:0:0:0:0:1 - - [16/Jun/2022:20:28:35 +0800] "GET /nacos/v1/console/namespaces?&accessToken=eyJhbGciOiJIUzI1NiJ9.eyJzdWIiOiJuYWNvcyIsImV4cCI6MTY1NTQwMDUxNX0.r3fB5MnY8xPCeLztUMFSx3oFl8m8y9398xyW4hJuH_s&namespaceId= HTTP/1.1" 200 130 23
0:0:0:0:0:0:0:1 - - [16/Jun/2022:20:28:35 +0800] "GET /nacos/v1/console/server/state?accessToken=eyJhbGciOiJIUzI1NiJ9.eyJzdWIiOiJuYWNvcyIsImV4cCI6MTY1NTQwMDUxNX0.r3fB5MnY8xPCeLztUMFSx3oFl8m8y9398xyW4hJuH_s&username=nacos HTTP/1.1" 200 82 1
0:0:0:0:0:0:0:1 - - [16/Jun/2022:20:28:36 +0800] "GET /nacos/v1/cs/configs?dataId=&group=&appName=&config_tags=&pageNo=1&pageSize=10&tenant=&search=accurate&accessToken=eyJhbGciOiJIUzI1NiJ9.eyJzdWIiOiJuYWNvcyIsImV4cCI6MTY1NTQwMDUxNX0.r3fB5MnY8xPCeLztUMFSx3oFl8m8y9398xyW4hJuH_s&username=nacos HTTP/1.1" 200 76 12
0:0:0:0:0:0:0:1 - - [16/Jun/2022:20:28:38 +0800] "GET /nacos/v1/cs/history/configs?tenant=&accessToken=eyJhbGciOiJIUzI1NiJ9.eyJzdWIiOiJuYWNvcyIsImV4cCI6MTY1NTQwMDUxNX0.r3fB5MnY8xPCeLztUMFSx3oFl8m8y9398xyW4hJuH_s&namespaceId= HTTP/1.1" 400 24 6
0:0:0:0:0:0:0:1 - - [16/Jun/2022:20:28:39 +0800] "GET /nacos/v1/cs/configs?dataId=&group=&appName=&config_tags=&pageNo=1&pageSize=10&tenant=&search=accurate&accessToken=eyJhbGciOiJIUzI1NiJ9.eyJzdWIiOiJuYWNvcyIsImV4cCI6MTY1NTQwMDUxNX0.r3fB5MnY8xPCeLztUMFSx3oFl8m8y9398xyW4hJuH_s&username=nacos HTTP/1.1" 200 76 3
0:0:0:0:0:0:0:1 - - [16/Jun/2022:20:28:42 +0800] "GET /nacos/v1/cs/configs?dataId=&group=&appName=&config_tags=&pageNo=1&pageSize=10&tenant=&search=accurate&accessToken=eyJhbGciOiJIUzI1NiJ9.eyJzdWIiOiJuYWNvcyIsImV4cCI6MTY1NTQwMDUxNX0.r3fB5MnY8xPCeLztUMFSx3oFl8m8y9398xyW4hJuH_s&username=nacos HTTP/1.1" 200 76 3
0:0:0:0:0:0:0:1 - - [16/Jun/2022:20:28:43 +0800] "GET /nacos/v1/cs/history/configs?tenant=&accessToken=eyJhbGciOiJIUzI1NiJ9.eyJzdWIiOiJuYWNvcyIsImV4cCI6MTY1NTQwMDUxNX0.r3fB5MnY8xPCeLztUMFSx3oFl8m8y9398xyW4hJuH_s&namespaceId= HTTP/1.1" 400 24 3
0:0:0:0:0:0:0:1 - - [16/Jun/2022:20:28:44 +0800] "GET /nacos/v1/cs/configs?dataId=&group=&appName=&config_tags=&pageNo=1&pageSize=10&tenant=&search=accurate&accessToken=eyJhbGciOiJIUzI1NiJ9.eyJzdWIiOiJuYWNvcyIsImV4cCI6MTY1NTQwMDUxNX0.r3fB5MnY8xPCeLztUMFSx3oFl8m8y9398xyW4hJuH_s&username=nacos HTTP/1.1" 200 76 2
0:0:0:0:0:0:0:1 - - [16/Jun/2022:20:29:39 +0800] "GET /nacos/v1/cs/history/configs?tenant=&accessToken=eyJhbGciOiJIUzI1NiJ9.eyJzdWIiOiJuYWNvcyIsImV4cCI6MTY1NTQwMDUxNX0.r3fB5MnY8xPCeLztUMFSx3oFl8m8y9398xyW4hJuH_s&namespaceId= HTTP/1.1" 400 24 2
0:0:0:0:0:0:0:1 - - [16/Jun/2022:20:29:39 +0800] "GET /nacos/v1/cs/configs?dataId=&group=&appName=&config_tags=&pageNo=1&pageSize=10&tenant=&search=accurate&accessToken=eyJhbGciOiJIUzI1NiJ9.eyJzdWIiOiJuYWNvcyIsImV4cCI6MTY1NTQwMDUxNX0.r3fB5MnY8xPCeLztUMFSx3oFl8m8y9398xyW4hJuH_s&username=nacos HTTP/1.1" 200 76 2
0:0:0:0:0:0:0:1 - - [16/Jun/2022:20:30:41 +0800] "GET /nacos/v1/cs/history/configs?tenant=&accessToken=eyJhbGciOiJIUzI1NiJ9.eyJzdWIiOiJuYWNvcyIsImV4cCI6MTY1NTQwMDUxNX0.r3fB5MnY8xPCeLztUMFSx3oFl8m8y9398xyW4hJuH_s&namespaceId= HTTP/1.1" 400 24 3
0:0:0:0:0:0:0:1 - - [16/Jun/2022:20:30:43 +0800] "GET /nacos/v1/cs/configs?dataId=&group=&appName=&config_tags=&pageNo=1&pageSize=10&tenant=&search=accurate&accessToken=eyJhbGciOiJIUzI1NiJ9.eyJzdWIiOiJuYWNvcyIsImV4cCI6MTY1NTQwMDUxNX0.r3fB5MnY8xPCeLztUMFSx3oFl8m8y9398xyW4hJuH_s&username=nacos HTTP/1.1" 200 76 2
0:0:0:0:0:0:0:1 - - [16/Jun/2022:20:31:49 +0800] "GET /nacos/v1/cs/history/configs?tenant=&accessToken=eyJhbGciOiJIUzI1NiJ9.eyJzdWIiOiJuYWNvcyIsImV4cCI6MTY1NTQwMDUxNX0.r3fB5MnY8xPCeLztUMFSx3oFl8m8y9398xyW4hJuH_s&namespaceId= HTTP/1.1" 400 24 3
0:0:0:0:0:0:0:1 - - [16/Jun/2022:20:31:49 +0800] "GET /nacos/v1/cs/configs?dataId=&group=&appName=&config_tags=&pageNo=1&pageSize=10&tenant=&search=accurate&accessToken=eyJhbGciOiJIUzI1NiJ9.eyJzdWIiOiJuYWNvcyIsImV4cCI6MTY1NTQwMDUxNX0.r3fB5MnY8xPCeLztUMFSx3oFl8m8y9398xyW4hJuH_s&username=nacos HTTP/1.1" 200 76 2
0:0:0:0:0:0:0:1 - - [16/Jun/2022:20:31:50 +0800] "GET /nacos/v1/cs/history/configs?tenant=&accessToken=eyJhbGciOiJIUzI1NiJ9.eyJzdWIiOiJuYWNvcyIsImV4cCI6MTY1NTQwMDUxNX0.r3fB5MnY8xPCeLztUMFSx3oFl8m8y9398xyW4hJuH_s&namespaceId= HTTP/1.1" 400 24 2
0:0:0:0:0:0:0:1 - - [16/Jun/2022:20:31:51 +0800] "GET /nacos/v1/cs/configs?dataId=&group=&appName=&config_tags=&pageNo=1&pageSize=10&tenant=&search=accurate&accessToken=eyJhbGciOiJIUzI1NiJ9.eyJzdWIiOiJuYWNvcyIsImV4cCI6MTY1NTQwMDUxNX0.r3fB5MnY8xPCeLztUMFSx3oFl8m8y9398xyW4hJuH_s&username=nacos HTTP/1.1" 200 76 2
0:0:0:0:0:0:0:1 - - [16/Jun/2022:20:37:32 +0800] "GET /nacos/ HTTP/1.1" 304 - 43
0:0:0:0:0:0:0:1 - - [16/Jun/2022:20:37:32 +0800] "GET /nacos/console-ui/public/css/merge.css HTTP/1.1" 304 - 4
0:0:0:0:0:0:0:1 - - [16/Jun/2022:20:37:32 +0800] "GET /nacos/console-ui/public/css/bootstrap.css HTTP/1.1" 304 - 6
0:0:0:0:0:0:0:1 - - [16/Jun/2022:20:37:32 +0800] "GET /nacos/console-ui/public/css/console1412.css HTTP/1.1" 304 - 6
0:0:0:0:0:0:0:1 - - [16/Jun/2022:20:37:32 +0800] "GET /nacos/console-ui/public/css/font-awesome.css HTTP/1.1" 304 - 5
0:0:0:0:0:0:0:1 - - [16/Jun/2022:20:37:32 +0800] "GET /nacos/console-ui/public/css/icon.css HTTP/1.1" 304 - 5
0:0:0:0:0:0:0:1 - - [16/Jun/2022:20:37:32 +0800] "GET /nacos/console-ui/public/css/codemirror.css HTTP/1.1" 304 - 6
0:0:0:0:0:0:0:1 - - [16/Jun/2022:20:37:32 +0800] "GET /nacos/console-ui/public/js/codemirror.js HTTP/1.1" 304 - 4
0:0:0:0:0:0:0:1 - - [16/Jun/2022:20:37:32 +0800] "GET /nacos/console-ui/public/js/javascript.js HTTP/1.1" 304 - 5
0:0:0:0:0:0:0:1 - - [16/Jun/2022:20:37:32 +0800] "GET /nacos/console-ui/public/js/xml.js HTTP/1.1" 304 - 6
0:0:0:0:0:0:0:1 - - [16/Jun/2022:20:37:32 +0800] "GET /nacos/css/main.css HTTP/1.1" 304 - 7
0:0:0:0:0:0:0:1 - - [16/Jun/2022:20:37:32 +0800] "GET /nacos/console-ui/public/js/jquery.js HTTP/1.1" 304 - 6
0:0:0:0:0:0:0:1 - - [16/Jun/2022:20:37:32 +0800] "GET /nacos/console-ui/public/js/codemirror.addone.fullscreen.js HTTP/1.1" 304 - 5
0:0:0:0:0:0:0:1 - - [16/Jun/2022:20:37:32 +0800] "GET /nacos/console-ui/public/js/codemirror.addone.lint.js HTTP/1.1" 304 - 6
0:0:0:0:0:0:0:1 - - [16/Jun/2022:20:37:32 +0800] "GET /nacos/console-ui/public/js/codemirror.addone.json-lint.js HTTP/1.1" 304 - 6
0:0:0:0:0:0:0:1 - - [16/Jun/2022:20:37:32 +0800] "GET /nacos/console-ui/public/js/codemirror.lib.json-lint.js HTTP/1.1" 304 - 6
0:0:0:0:0:0:0:1 - - [16/Jun/2022:20:37:32 +0800] "GET /nacos/console-ui/public/js/codemirror.lib.clike-lint.js HTTP/1.1" 304 - 6
0:0:0:0:0:0:0:1 - - [16/Jun/2022:20:37:32 +0800] "GET /nacos/console-ui/public/js/diff_match_patch.js HTTP/1.1" 304 - 4
0:0:0:0:0:0:0:1 - - [16/Jun/2022:20:37:32 +0800] "GET /nacos/console-ui/public/js/merge.js HTTP/1.1" 304 - 4
0:0:0:0:0:0:0:1 - - [16/Jun/2022:20:37:32 +0800] "GET /nacos/js/main.js HTTP/1.1" 304 - 2
0:0:0:0:0:0:0:1 - - [16/Jun/2022:20:37:32 +0800] "GET /nacos/console-ui/public/js/loader.js HTTP/1.1" 304 - 3
0:0:0:0:0:0:0:1 - - [16/Jun/2022:20:37:33 +0800] "GET /nacos/console-ui/public/js/vs/editor/editor.main.js HTTP/1.1" 304 - 2
0:0:0:0:0:0:0:1 - - [16/Jun/2022:20:37:33 +0800] "GET /nacos/img/logo-2000-390.svg HTTP/1.1" 304 - 3
0:0:0:0:0:0:0:1 - - [16/Jun/2022:20:37:33 +0800] "GET /nacos/console-ui/public/icons/icon-font.woff2 HTTP/1.1" 304 - 10
0:0:0:0:0:0:0:1 - - [16/Jun/2022:20:37:33 +0800] "GET /nacos/v1/console/server/state?accessToken=eyJhbGciOiJIUzI1NiJ9.eyJzdWIiOiJuYWNvcyIsImV4cCI6MTY1NTQwMDUxNX0.r3fB5MnY8xPCeLztUMFSx3oFl8m8y9398xyW4hJuH_s&username=nacos HTTP/1.1" 200 82 16
0:0:0:0:0:0:0:1 - - [16/Jun/2022:20:37:33 +0800] "GET /nacos/v1/console/namespaces?&accessToken=eyJhbGciOiJIUzI1NiJ9.eyJzdWIiOiJuYWNvcyIsImV4cCI6MTY1NTQwMDUxNX0.r3fB5MnY8xPCeLztUMFSx3oFl8m8y9398xyW4hJuH_s&namespaceId= HTTP/1.1" 200 130 43
0:0:0:0:0:0:0:1 - - [16/Jun/2022:20:37:33 +0800] "GET /nacos/v1/cs/configs?dataId=&group=&appName=&config_tags=&pageNo=1&pageSize=10&tenant=&search=accurate&accessToken=eyJhbGciOiJIUzI1NiJ9.eyJzdWIiOiJuYWNvcyIsImV4cCI6MTY1NTQwMDUxNX0.r3fB5MnY8xPCeLztUMFSx3oFl8m8y9398xyW4hJuH_s&username=nacos HTTP/1.1" 200 76 17
0:0:0:0:0:0:0:1 - - [16/Jun/2022:20:37:33 +0800] "GET /nacos/console-ui/public/js/vs/editor/editor.main.css HTTP/1.1" 304 - 3
0:0:0:0:0:0:0:1 - - [16/Jun/2022:20:37:33 +0800] "GET /nacos/console-ui/public/js/vs/editor/editor.main.nls.zh-cn.js HTTP/1.1" 304 - 2
0:0:0:0:0:0:0:1 - - [16/Jun/2022:20:37:33 +0800] "GET /nacos/console-ui/public/img/nacos-logo.png HTTP/1.1" 304 - 2
0:0:0:0:0:0:0:1 - - [16/Jun/2022:20:37:36 +0800] "GET /nacos/v1/cs/history/configs?tenant=&accessToken=eyJhbGciOiJIUzI1NiJ9.eyJzdWIiOiJuYWNvcyIsImV4cCI6MTY1NTQwMDUxNX0.r3fB5MnY8xPCeLztUMFSx3oFl8m8y9398xyW4hJuH_s&namespaceId= HTTP/1.1" 400 24 5
0:0:0:0:0:0:0:1 - - [16/Jun/2022:20:37:37 +0800] "GET /nacos/v1/cs/configs?dataId=&group=&appName=&config_tags=&pageNo=1&pageSize=10&tenant=&search=accurate&accessToken=eyJhbGciOiJIUzI1NiJ9.eyJzdWIiOiJuYWNvcyIsImV4cCI6MTY1NTQwMDUxNX0.r3fB5MnY8xPCeLztUMFSx3oFl8m8y9398xyW4hJuH_s&username=nacos HTTP/1.1" 200 76 4
0:0:0:0:0:0:0:1 - - [16/Jun/2022:20:37:41 +0800] "GET /nacos/v1/ns/catalog/services?hasIpCount=true&withInstances=false&pageNo=1&pageSize=10&serviceNameParam=&groupNameParam=&accessToken=eyJhbGciOiJIUzI1NiJ9.eyJzdWIiOiJuYWNvcyIsImV4cCI6MTY1NTQwMDUxNX0.r3fB5MnY8xPCeLztUMFSx3oFl8m8y9398xyW4hJuH_s&namespaceId= HTTP/1.1" 200 39 9
0:0:0:0:0:0:0:1 - - [16/Jun/2022:20:37:42 +0800] "GET /nacos/v1/cs/configs?dataId=&group=&appName=&config_tags=&pageNo=1&pageSize=10&tenant=&search=accurate&accessToken=eyJhbGciOiJIUzI1NiJ9.eyJzdWIiOiJuYWNvcyIsImV4cCI6MTY1NTQwMDUxNX0.r3fB5MnY8xPCeLztUMFSx3oFl8m8y9398xyW4hJuH_s&username=nacos HTTP/1.1" 200 76 3
0:0:0:0:0:0:0:1 - - [16/Jun/2022:20:37:44 +0800] "GET /nacos/v1/cs/history/configs?tenant=&accessToken=eyJhbGciOiJIUzI1NiJ9.eyJzdWIiOiJuYWNvcyIsImV4cCI6MTY1NTQwMDUxNX0.r3fB5MnY8xPCeLztUMFSx3oFl8m8y9398xyW4hJuH_s&namespaceId= HTTP/1.1" 400 24 2
0:0:0:0:0:0:0:1 - - [16/Jun/2022:20:37:45 +0800] "GET /nacos/v1/cs/history/configs?tenant=&accessToken=eyJhbGciOiJIUzI1NiJ9.eyJzdWIiOiJuYWNvcyIsImV4cCI6MTY1NTQwMDUxNX0.r3fB5MnY8xPCeLztUMFSx3oFl8m8y9398xyW4hJuH_s&namespaceId= HTTP/1.1" 400 24 2
0:0:0:0:0:0:0:1 - - [16/Jun/2022:20:37:45 +0800] "GET /nacos/v1/cs/configs?dataId=&group=&appName=&config_tags=&pageNo=1&pageSize=10&tenant=&search=accurate&accessToken=eyJhbGciOiJIUzI1NiJ9.eyJzdWIiOiJuYWNvcyIsImV4cCI6MTY1NTQwMDUxNX0.r3fB5MnY8xPCeLztUMFSx3oFl8m8y9398xyW4hJuH_s&username=nacos HTTP/1.1" 200 76 3
0:0:0:0:0:0:0:1 - - [16/Jun/2022:20:42:57 +0800] "GET /nacos/ HTTP/1.1" 304 - 45
0:0:0:0:0:0:0:1 - - [16/Jun/2022:20:42:57 +0800] "GET /nacos/v1/console/server/state?accessToken=eyJhbGciOiJIUzI1NiJ9.eyJzdWIiOiJuYWNvcyIsImV4cCI6MTY1NTQwMDUxNX0.r3fB5MnY8xPCeLztUMFSx3oFl8m8y9398xyW4hJuH_s&username=nacos HTTP/1.1" 200 82 16
0:0:0:0:0:0:0:1 - - [16/Jun/2022:20:42:57 +0800] "GET /nacos/v1/console/namespaces?&accessToken=eyJhbGciOiJIUzI1NiJ9.eyJzdWIiOiJuYWNvcyIsImV4cCI6MTY1NTQwMDUxNX0.r3fB5MnY8xPCeLztUMFSx3oFl8m8y9398xyW4hJuH_s&namespaceId= HTTP/1.1" 200 130 37
0:0:0:0:0:0:0:1 - - [16/Jun/2022:20:42:57 +0800] "GET /nacos/v1/cs/configs?dataId=&group=&appName=&config_tags=&pageNo=1&pageSize=10&tenant=&search=accurate&accessToken=eyJhbGciOiJIUzI1NiJ9.eyJzdWIiOiJuYWNvcyIsImV4cCI6MTY1NTQwMDUxNX0.r3fB5MnY8xPCeLztUMFSx3oFl8m8y9398xyW4hJuH_s&username=nacos HTTP/1.1" 200 76 19
0:0:0:0:0:0:0:1 - - [16/Jun/2022:20:43:02 +0800] "GET /nacos/console-ui/public/js/vs/base/worker/workerMain.js HTTP/1.1" 200 151542 10
0:0:0:0:0:0:0:1 - - [16/Jun/2022:20:43:04 +0800] "GET /nacos/v1/cs/configs?dataId=&group=&appName=&config_tags=&pageNo=1&pageSize=10&tenant=&search=accurate&accessToken=eyJhbGciOiJIUzI1NiJ9.eyJzdWIiOiJuYWNvcyIsImV4cCI6MTY1NTQwMDUxNX0.r3fB5MnY8xPCeLztUMFSx3oFl8m8y9398xyW4hJuH_s&username=nacos HTTP/1.1" 200 76 4
0:0:0:0:0:0:0:1 - - [16/Jun/2022:20:43:31 +0800] "GET /nacos/v1/cs/configs?&accessToken=eyJhbGciOiJIUzI1NiJ9.eyJzdWIiOiJuYWNvcyIsImV4cCI6MTY1NTQwMDUxNX0.r3fB5MnY8xPCeLztUMFSx3oFl8m8y9398xyW4hJuH_s&show=all&dataId=1234566&group=DEFAULT_GROUP&tenant=&namespaceId= HTTP/1.1" 200 - 13
0:0:0:0:0:0:0:1 - - [16/Jun/2022:20:43:31 +0800] "POST /nacos/v1/cs/configs?&accessToken=eyJhbGciOiJIUzI1NiJ9.eyJzdWIiOiJuYWNvcyIsImV4cCI6MTY1NTQwMDUxNX0.r3fB5MnY8xPCeLztUMFSx3oFl8m8y9398xyW4hJuH_s HTTP/1.1" 200 14 60
0:0:0:0:0:0:0:1 - - [16/Jun/2022:20:43:31 +0800] "GET /nacos/v1/cs/configs?dataId=&group=&appName=&config_tags=&pageNo=1&pageSize=10&tenant=&search=accurate&accessToken=eyJhbGciOiJIUzI1NiJ9.eyJzdWIiOiJuYWNvcyIsImV4cCI6MTY1NTQwMDUxNX0.r3fB5MnY8xPCeLztUMFSx3oFl8m8y9398xyW4hJuH_s&username=nacos HTTP/1.1" 200 215 17
0:0:0:0:0:0:0:1 - - [16/Jun/2022:20:43:34 +0800] "GET /nacos/ HTTP/1.1" 304 - 4
0:0:0:0:0:0:0:1 - - [16/Jun/2022:20:43:34 +0800] "GET /nacos/v1/console/namespaces?&accessToken=eyJhbGciOiJIUzI1NiJ9.eyJzdWIiOiJuYWNvcyIsImV4cCI6MTY1NTQwMDUxNX0.r3fB5MnY8xPCeLztUMFSx3oFl8m8y9398xyW4hJuH_s&namespaceId= HTTP/1.1" 200 130 4
0:0:0:0:0:0:0:1 - - [16/Jun/2022:20:43:34 +0800] "GET /nacos/v1/console/server/state?accessToken=eyJhbGciOiJIUzI1NiJ9.eyJzdWIiOiJuYWNvcyIsImV4cCI6MTY1NTQwMDUxNX0.r3fB5MnY8xPCeLztUMFSx3oFl8m8y9398xyW4hJuH_s&username=nacos HTTP/1.1" 200 82 2
0:0:0:0:0:0:0:1 - - [16/Jun/2022:20:43:34 +0800] "GET /nacos/v1/cs/configs?dataId=&group=&appName=&config_tags=&pageNo=1&pageSize=10&tenant=&search=accurate&accessToken=eyJhbGciOiJIUzI1NiJ9.eyJzdWIiOiJuYWNvcyIsImV4cCI6MTY1NTQwMDUxNX0.r3fB5MnY8xPCeLztUMFSx3oFl8m8y9398xyW4hJuH_s&username=nacos HTTP/1.1" 200 215 4
0:0:0:0:0:0:0:1 - - [16/Jun/2022:20:43:50 +0800] "GET /nacos/ HTTP/1.1" 304 - 3
0:0:0:0:0:0:0:1 - - [16/Jun/2022:20:43:50 +0800] "GET /nacos/v1/console/namespaces?&accessToken=eyJhbGciOiJIUzI1NiJ9.eyJzdWIiOiJuYWNvcyIsImV4cCI6MTY1NTQwMDUxNX0.r3fB5MnY8xPCeLztUMFSx3oFl8m8y9398xyW4hJuH_s&namespaceId= HTTP/1.1" 200 130 2
0:0:0:0:0:0:0:1 - - [16/Jun/2022:20:43:50 +0800] "GET /nacos/v1/console/server/state?accessToken=eyJhbGciOiJIUzI1NiJ9.eyJzdWIiOiJuYWNvcyIsImV4cCI6MTY1NTQwMDUxNX0.r3fB5MnY8xPCeLztUMFSx3oFl8m8y9398xyW4hJuH_s&username=nacos HTTP/1.1" 200 82 2
0:0:0:0:0:0:0:1 - - [16/Jun/2022:20:43:50 +0800] "GET /nacos/v1/cs/configs?dataId=&group=&appName=&config_tags=&pageNo=1&pageSize=10&tenant=&search=accurate&accessToken=eyJhbGciOiJIUzI1NiJ9.eyJzdWIiOiJuYWNvcyIsImV4cCI6MTY1NTQwMDUxNX0.r3fB5MnY8xPCeLztUMFSx3oFl8m8y9398xyW4hJuH_s&username=nacos HTTP/1.1" 200 215 4
0:0:0:0:0:0:0:1 - - [16/Jun/2022:20:43:55 +0800] "DELETE /nacos/v1/cs/configs?delType=ids&ids=511512868380364800&tenant=&accessToken=eyJhbGciOiJIUzI1NiJ9.eyJzdWIiOiJuYWNvcyIsImV4cCI6MTY1NTQwMDUxNX0.r3fB5MnY8xPCeLztUMFSx3oFl8m8y9398xyW4hJuH_s HTTP/1.1" 200 50 24
0:0:0:0:0:0:0:1 - - [16/Jun/2022:20:43:55 +0800] "GET /nacos/v1/cs/configs?dataId=&group=&appName=&config_tags=&pageNo=1&pageSize=10&tenant=&search=accurate&accessToken=eyJhbGciOiJIUzI1NiJ9.eyJzdWIiOiJuYWNvcyIsImV4cCI6MTY1NTQwMDUxNX0.r3fB5MnY8xPCeLztUMFSx3oFl8m8y9398xyW4hJuH_s&username=nacos HTTP/1.1" 200 76 3
0:0:0:0:0:0:0:1 - - [16/Jun/2022:20:43:56 +0800] "GET /nacos/ HTTP/1.1" 304 - 5
0:0:0:0:0:0:0:1 - - [16/Jun/2022:20:43:56 +0800] "GET /nacos/v1/console/namespaces?&accessToken=eyJhbGciOiJIUzI1NiJ9.eyJzdWIiOiJuYWNvcyIsImV4cCI6MTY1NTQwMDUxNX0.r3fB5MnY8xPCeLztUMFSx3oFl8m8y9398xyW4hJuH_s&namespaceId= HTTP/1.1" 200 130 2
0:0:0:0:0:0:0:1 - - [16/Jun/2022:20:43:56 +0800] "GET /nacos/v1/console/server/state?accessToken=eyJhbGciOiJIUzI1NiJ9.eyJzdWIiOiJuYWNvcyIsImV4cCI6MTY1NTQwMDUxNX0.r3fB5MnY8xPCeLztUMFSx3oFl8m8y9398xyW4hJuH_s&username=nacos HTTP/1.1" 200 82 1
0:0:0:0:0:0:0:1 - - [16/Jun/2022:20:43:56 +0800] "GET /nacos/v1/cs/configs?dataId=&group=&appName=&config_tags=&pageNo=1&pageSize=10&tenant=&search=accurate&accessToken=eyJhbGciOiJIUzI1NiJ9.eyJzdWIiOiJuYWNvcyIsImV4cCI6MTY1NTQwMDUxNX0.r3fB5MnY8xPCeLztUMFSx3oFl8m8y9398xyW4hJuH_s&username=nacos HTTP/1.1" 200 76 2
0:0:0:0:0:0:0:1 - - [16/Jun/2022:20:44:21 +0800] "GET /nacos/console-ui/public/min-maps/vs/editor/editor.main.js.map HTTP/1.1" 404 174 16
0:0:0:0:0:0:0:1 - - [16/Jun/2022:20:44:21 +0800] "GET /nacos/console-ui/min-maps/vs/loader.js.map HTTP/1.1" 404 155 14
0:0:0:0:0:0:0:1 - - [16/Jun/2022:20:44:23 +0800] "GET /nacos/console-ui/public/min-maps/vs/base/worker/workerMain.js.map HTTP/1.1" 404 178 5
0:0:0:0:0:0:0:1 - - [16/Jun/2022:20:44:30 +0800] "GET /nacos/v1/cs/configs?&accessToken=eyJhbGciOiJIUzI1NiJ9.eyJzdWIiOiJuYWNvcyIsImV4cCI6MTY1NTQwMDUxNX0.r3fB5MnY8xPCeLztUMFSx3oFl8m8y9398xyW4hJuH_s&show=all&dataId=3213213213123&group=DEFAULT_GROUP&tenant=&namespaceId= HTTP/1.1" 200 - 3
0:0:0:0:0:0:0:1 - - [16/Jun/2022:20:44:30 +0800] "POST /nacos/v1/cs/configs?&accessToken=eyJhbGciOiJIUzI1NiJ9.eyJzdWIiOiJuYWNvcyIsImV4cCI6MTY1NTQwMDUxNX0.r3fB5MnY8xPCeLztUMFSx3oFl8m8y9398xyW4hJuH_s HTTP/1.1" 200 14 9
0:0:0:0:0:0:0:1 - - [16/Jun/2022:20:44:30 +0800] "GET /nacos/v1/cs/configs?dataId=&group=&appName=&config_tags=&pageNo=1&pageSize=10&tenant=&search=accurate&accessToken=eyJhbGciOiJIUzI1NiJ9.eyJzdWIiOiJuYWNvcyIsImV4cCI6MTY1NTQwMDUxNX0.r3fB5MnY8xPCeLztUMFSx3oFl8m8y9398xyW4hJuH_s&username=nacos HTTP/1.1" 200 220 3
0:0:0:0:0:0:0:1 - - [16/Jun/2022:20:44:44 +0800] "GET /nacos/ HTTP/1.1" 304 - 3
0:0:0:0:0:0:0:1 - - [16/Jun/2022:20:44:44 +0800] "GET /nacos/v1/console/namespaces?&accessToken=eyJhbGciOiJIUzI1NiJ9.eyJzdWIiOiJuYWNvcyIsImV4cCI6MTY1NTQwMDUxNX0.r3fB5MnY8xPCeLztUMFSx3oFl8m8y9398xyW4hJuH_s&namespaceId= HTTP/1.1" 200 130 3
0:0:0:0:0:0:0:1 - - [16/Jun/2022:20:44:44 +0800] "GET /nacos/v1/console/server/state?accessToken=eyJhbGciOiJIUzI1NiJ9.eyJzdWIiOiJuYWNvcyIsImV4cCI6MTY1NTQwMDUxNX0.r3fB5MnY8xPCeLztUMFSx3oFl8m8y9398xyW4hJuH_s&username=nacos HTTP/1.1" 200 82 1
0:0:0:0:0:0:0:1 - - [16/Jun/2022:20:44:44 +0800] "GET /nacos/console-ui/min-maps/vs/loader.js.map HTTP/1.1" 404 155 4
0:0:0:0:0:0:0:1 - - [16/Jun/2022:20:44:44 +0800] "GET /nacos/v1/cs/configs?dataId=&group=&appName=&config_tags=&pageNo=1&pageSize=10&tenant=&search=accurate&accessToken=eyJhbGciOiJIUzI1NiJ9.eyJzdWIiOiJuYWNvcyIsImV4cCI6MTY1NTQwMDUxNX0.r3fB5MnY8xPCeLztUMFSx3oFl8m8y9398xyW4hJuH_s&username=nacos HTTP/1.1" 200 220 3
0:0:0:0:0:0:0:1 - - [16/Jun/2022:20:44:44 +0800] "GET /nacos/console-ui/public/min-maps/vs/editor/editor.main.js.map HTTP/1.1" 404 174 3
0:0:0:0:0:0:0:1 - - [16/Jun/2022:20:44:44 +0800] "GET /nacos/console-ui/public/min-maps/vs/editor/editor.main.nls.zh-cn.js.map HTTP/1.1" 404 184 5
0:0:0:0:0:0:0:1 - - [16/Jun/2022:20:44:49 +0800] "GET /nacos/v1/cs/configs?dataId=3213213213123&group=DEFAULT_GROUP&namespaceId=&tenant=&beta=true&accessToken=eyJhbGciOiJIUzI1NiJ9.eyJzdWIiOiJuYWNvcyIsImV4cCI6MTY1NTQwMDUxNX0.r3fB5MnY8xPCeLztUMFSx3oFl8m8y9398xyW4hJuH_s&username=nacos HTTP/1.1" 200 60 6
0:0:0:0:0:0:0:1 - - [16/Jun/2022:20:44:49 +0800] "GET /nacos/v1/cs/configs?dataId=3213213213123&group=DEFAULT_GROUP&namespaceId=&tenant=&show=all&accessToken=eyJhbGciOiJIUzI1NiJ9.eyJzdWIiOiJuYWNvcyIsImV4cCI6MTY1NTQwMDUxNX0.r3fB5MnY8xPCeLztUMFSx3oFl8m8y9398xyW4hJuH_s&username=nacos HTTP/1.1" 200 356 5
0:0:0:0:0:0:0:1 - - [16/Jun/2022:20:44:49 +0800] "GET /nacos/console-ui/public/min-maps/vs/base/worker/workerMain.js.map HTTP/1.1" 404 178 4
10.100.53.165 - - [16/Jun/2022:20:44:49 +0800] "GET /nacos/v1/cs/communication/configWatchers?&dataId=3213213213123&group=DEFAULT_GROUP HTTP/1.1" 200 41 225
0:0:0:0:0:0:0:1 - - [16/Jun/2022:20:44:49 +0800] "GET /nacos/v1/cs/configs/listener?dataId=3213213213123&group=DEFAULT_GROUP&namespaceId=&tenant=&accessToken=eyJhbGciOiJIUzI1NiJ9.eyJzdWIiOiJuYWNvcyIsImV4cCI6MTY1NTQwMDUxNX0.r3fB5MnY8xPCeLztUMFSx3oFl8m8y9398xyW4hJuH_s&username=nacos HTTP/1.1" 200 61 253
0:0:0:0:0:0:0:1 - - [16/Jun/2022:20:45:09 +0800] "GET /nacos/v1/cs/configs?dataId=&group=&appName=&config_tags=&pageNo=1&pageSize=10&tenant=&search=accurate&accessToken=eyJhbGciOiJIUzI1NiJ9.eyJzdWIiOiJuYWNvcyIsImV4cCI6MTY1NTQwMDUxNX0.r3fB5MnY8xPCeLztUMFSx3oFl8m8y9398xyW4hJuH_s&username=nacos HTTP/1.1" 200 220 3
0:0:0:0:0:0:0:1 - - [16/Jun/2022:20:45:11 +0800] "DELETE /nacos/v1/cs/configs?dataId=3213213213123&group=DEFAULT_GROUP&tenant=&accessToken=eyJhbGciOiJIUzI1NiJ9.eyJzdWIiOiJuYWNvcyIsImV4cCI6MTY1NTQwMDUxNX0.r3fB5MnY8xPCeLztUMFSx3oFl8m8y9398xyW4hJuH_s HTTP/1.1" 200 14 12
0:0:0:0:0:0:0:1 - - [16/Jun/2022:20:45:11 +0800] "GET /nacos/v1/cs/configs?dataId=&group=&appName=&config_tags=&pageNo=1&pageSize=10&tenant=&search=accurate&accessToken=eyJhbGciOiJIUzI1NiJ9.eyJzdWIiOiJuYWNvcyIsImV4cCI6MTY1NTQwMDUxNX0.r3fB5MnY8xPCeLztUMFSx3oFl8m8y9398xyW4hJuH_s&username=nacos HTTP/1.1" 200 76 3
0:0:0:0:0:0:0:1 - - [16/Jun/2022:20:45:14 +0800] "GET /nacos/ HTTP/1.1" 304 - 4
0:0:0:0:0:0:0:1 - - [16/Jun/2022:20:45:14 +0800] "GET /nacos/console-ui/public/css/bootstrap.css HTTP/1.1" 304 - 4
0:0:0:0:0:0:0:1 - - [16/Jun/2022:20:45:14 +0800] "GET /nacos/console-ui/public/css/console1412.css HTTP/1.1" 304 - 4
0:0:0:0:0:0:0:1 - - [16/Jun/2022:20:45:14 +0800] "GET /nacos/console-ui/public/css/icon.css HTTP/1.1" 304 - 4
0:0:0:0:0:0:0:1 - - [16/Jun/2022:20:45:14 +0800] "GET /nacos/console-ui/public/css/font-awesome.css HTTP/1.1" 304 - 5
0:0:0:0:0:0:0:1 - - [16/Jun/2022:20:45:14 +0800] "GET /nacos/console-ui/public/css/codemirror.css HTTP/1.1" 304 - 6
0:0:0:0:0:0:0:1 - - [16/Jun/2022:20:45:14 +0800] "GET /nacos/console-ui/public/css/merge.css HTTP/1.1" 304 - 5
0:0:0:0:0:0:0:1 - - [16/Jun/2022:20:45:14 +0800] "GET /nacos/css/main.css HTTP/1.1" 304 - 3
0:0:0:0:0:0:0:1 - - [16/Jun/2022:20:45:14 +0800] "GET /nacos/console-ui/public/js/jquery.js HTTP/1.1" 304 - 3
0:0:0:0:0:0:0:1 - - [16/Jun/2022:20:45:14 +0800] "GET /nacos/console-ui/public/js/codemirror.addone.fullscreen.js HTTP/1.1" 304 - 6
0:0:0:0:0:0:0:1 - - [16/Jun/2022:20:45:14 +0800] "GET /nacos/console-ui/public/js/javascript.js HTTP/1.1" 304 - 6
0:0:0:0:0:0:0:1 - - [16/Jun/2022:20:45:14 +0800] "GET /nacos/console-ui/public/js/codemirror.js HTTP/1.1" 304 - 6
0:0:0:0:0:0:0:1 - - [16/Jun/2022:20:45:14 +0800] "GET /nacos/console-ui/public/js/codemirror.addone.lint.js HTTP/1.1" 304 - 6
0:0:0:0:0:0:0:1 - - [16/Jun/2022:20:45:14 +0800] "GET /nacos/console-ui/public/js/xml.js HTTP/1.1" 304 - 6
0:0:0:0:0:0:0:1 - - [16/Jun/2022:20:45:14 +0800] "GET /nacos/console-ui/public/js/codemirror.lib.json-lint.js HTTP/1.1" 304 - 6
0:0:0:0:0:0:0:1 - - [16/Jun/2022:20:45:14 +0800] "GET /nacos/console-ui/public/js/loader.js HTTP/1.1" 304 - 4
0:0:0:0:0:0:0:1 - - [16/Jun/2022:20:45:14 +0800] "GET /nacos/console-ui/public/js/codemirror.lib.clike-lint.js HTTP/1.1" 304 - 6
0:0:0:0:0:0:0:1 - - [16/Jun/2022:20:45:14 +0800] "GET /nacos/js/main.js HTTP/1.1" 304 - 6
0:0:0:0:0:0:0:1 - - [16/Jun/2022:20:45:14 +0800] "GET /nacos/console-ui/public/js/codemirror.addone.json-lint.js HTTP/1.1" 304 - 7
0:0:0:0:0:0:0:1 - - [16/Jun/2022:20:45:14 +0800] "GET /nacos/console-ui/public/js/diff_match_patch.js HTTP/1.1" 304 - 6
0:0:0:0:0:0:0:1 - - [16/Jun/2022:20:45:14 +0800] "GET /nacos/console-ui/public/js/merge.js HTTP/1.1" 304 - 6
0:0:0:0:0:0:0:1 - - [16/Jun/2022:20:45:14 +0800] "GET /nacos/console-ui/public/js/vs/editor/editor.main.js HTTP/1.1" 304 - 2
0:0:0:0:0:0:0:1 - - [16/Jun/2022:20:45:14 +0800] "GET /nacos/img/logo-2000-390.svg HTTP/1.1" 304 - 2
0:0:0:0:0:0:0:1 - - [16/Jun/2022:20:45:14 +0800] "GET /nacos/v1/console/namespaces?&accessToken=eyJhbGciOiJIUzI1NiJ9.eyJzdWIiOiJuYWNvcyIsImV4cCI6MTY1NTQwMDUxNX0.r3fB5MnY8xPCeLztUMFSx3oFl8m8y9398xyW4hJuH_s&namespaceId= HTTP/1.1" 200 130 3
0:0:0:0:0:0:0:1 - - [16/Jun/2022:20:45:14 +0800] "GET /nacos/console-ui/public/icons/icon-font.woff2 HTTP/1.1" 304 - 2
0:0:0:0:0:0:0:1 - - [16/Jun/2022:20:45:14 +0800] "GET /nacos/v1/console/server/state?accessToken=eyJhbGciOiJIUzI1NiJ9.eyJzdWIiOiJuYWNvcyIsImV4cCI6MTY1NTQwMDUxNX0.r3fB5MnY8xPCeLztUMFSx3oFl8m8y9398xyW4hJuH_s&username=nacos HTTP/1.1" 200 82 2
0:0:0:0:0:0:0:1 - - [16/Jun/2022:20:45:14 +0800] "GET /nacos/console-ui/min-maps/vs/loader.js.map HTTP/1.1" 404 155 4
0:0:0:0:0:0:0:1 - - [16/Jun/2022:20:45:14 +0800] "GET /nacos/v1/cs/configs?dataId=&group=&appName=&config_tags=&pageNo=1&pageSize=10&tenant=&search=accurate&accessToken=eyJhbGciOiJIUzI1NiJ9.eyJzdWIiOiJuYWNvcyIsImV4cCI6MTY1NTQwMDUxNX0.r3fB5MnY8xPCeLztUMFSx3oFl8m8y9398xyW4hJuH_s&username=nacos HTTP/1.1" 200 76 2
0:0:0:0:0:0:0:1 - - [16/Jun/2022:20:45:14 +0800] "GET /nacos/console-ui/public/js/vs/editor/editor.main.css HTTP/1.1" 304 - 3
0:0:0:0:0:0:0:1 - - [16/Jun/2022:20:45:14 +0800] "GET /nacos/console-ui/public/js/vs/editor/editor.main.nls.zh-cn.js HTTP/1.1" 304 - 2
0:0:0:0:0:0:0:1 - - [16/Jun/2022:20:45:14 +0800] "GET /nacos/console-ui/public/min-maps/vs/editor/editor.main.js.map HTTP/1.1" 404 174 4
0:0:0:0:0:0:0:1 - - [16/Jun/2022:20:45:14 +0800] "GET /nacos/console-ui/public/img/nacos-logo.png HTTP/1.1" 304 - 2
0:0:0:0:0:0:0:1 - - [16/Jun/2022:20:45:14 +0800] "GET /nacos/console-ui/public/min-maps/vs/editor/editor.main.nls.zh-cn.js.map HTTP/1.1" 404 184 3
0:0:0:0:0:0:0:1 - - [16/Jun/2022:20:48:09 +0800] "GET /nacos/ HTTP/1.1" 200 2689 51
0:0:0:0:0:0:0:1 - - [16/Jun/2022:20:48:09 +0800] "GET /nacos/v1/console/namespaces?&accessToken=eyJhbGciOiJIUzI1NiJ9.eyJzdWIiOiJuYWNvcyIsImV4cCI6MTY1NTQwMDUxNX0.r3fB5MnY8xPCeLztUMFSx3oFl8m8y9398xyW4hJuH_s&namespaceId= HTTP/1.1" 200 130 25
0:0:0:0:0:0:0:1 - - [16/Jun/2022:20:48:09 +0800] "GET /nacos/v1/console/server/state?accessToken=eyJhbGciOiJIUzI1NiJ9.eyJzdWIiOiJuYWNvcyIsImV4cCI6MTY1NTQwMDUxNX0.r3fB5MnY8xPCeLztUMFSx3oFl8m8y9398xyW4hJuH_s&username=nacos HTTP/1.1" 200 82 5
0:0:0:0:0:0:0:1 - - [16/Jun/2022:20:48:09 +0800] "GET /nacos/console-ui/min-maps/vs/loader.js.map HTTP/1.1" 404 155 20
0:0:0:0:0:0:0:1 - - [16/Jun/2022:20:48:09 +0800] "GET /nacos/v1/cs/configs?dataId=&group=&appName=&config_tags=&pageNo=1&pageSize=10&tenant=&search=accurate&accessToken=eyJhbGciOiJIUzI1NiJ9.eyJzdWIiOiJuYWNvcyIsImV4cCI6MTY1NTQwMDUxNX0.r3fB5MnY8xPCeLztUMFSx3oFl8m8y9398xyW4hJuH_s&username=nacos HTTP/1.1" 200 12657 22
0:0:0:0:0:0:0:1 - - [16/Jun/2022:20:48:09 +0800] "GET /nacos/console-ui/public/min-maps/vs/editor/editor.main.js.map HTTP/1.1" 404 174 4
0:0:0:0:0:0:0:1 - - [16/Jun/2022:20:48:09 +0800] "GET /nacos/console-ui/public/min-maps/vs/editor/editor.main.nls.zh-cn.js.map HTTP/1.1" 404 184 5
